[2016-08-24 11:02:08] local.ERROR: exception 'PDOException' with message 'SQLSTATE[42S02]: Base table or view not found: 1146 Table 'barcodescanner.page__pages' doesn't exist' in F:\webserver\htdocs\project\barcode_scan\barcodescanner\vendor\laravel\framework\src\Illuminate\Database\Connection.php:319
Stack trace:
#0 F:\webserver\htdocs\project\barcode_scan\barcodescanner\vendor\laravel\framework\src\Illuminate\Database\Connection.php(319): PDO->prepare('select * from `...')
#1 F:\webserver\htdocs\project\barcode_scan\barcodescanner\vendor\laravel\framework\src\Illuminate\Database\Connection.php(655): Illuminate\Database\Connection->Illuminate\Database\{closure}(Object(Illuminate\Database\MySqlConnection), 'select * from `...', Array)
#2 F:\webserver\htdocs\project\barcode_scan\barcodescanner\vendor\laravel\framework\src\Illuminate\Database\Connection.php(618): Illuminate\Database\Connection->runQueryCallback('select * from `...', Array, Object(Closure))
#3 F:\webserver\htdocs\project\barcode_scan\barcodescanner\vendor\laravel\framework\src\Illuminate\Database\Connection.php(324): Illuminate\Database\Connection->run('select * from `...', Array, Object(Closure))
#4 F:\webserver\htdocs\project\barcode_scan\barcodescanner\vendor\laravel\framework\src\Illuminate\Database\Query\Builder.php(1431): Illuminate\Database\Connection->select('select * from `...', Array, true)
#5 F:\webserver\htdocs\project\barcode_scan\barcodescanner\vendor\laravel\framework\src\Illuminate\Database\Query\Builder.php(1408): Illuminate\Database\Query\Builder->runSelect()
#6 F:\webserver\htdocs\project\barcode_scan\barcodescanner\vendor\laravel\framework\src\Illuminate\Database\Eloquent\Builder.php(477): Illuminate\Database\Query\Builder->get(Array)
#7 F:\webserver\htdocs\project\barcode_scan\barcodescanner\vendor\laravel\framework\src\Illuminate\Database\Eloquent\Builder.php(234): Illuminate\Database\Eloquent\Builder->getModels(Array)
#8 F:\webserver\htdocs\project\barcode_scan\barcodescanner\vendor\laravel\framework\src\Illuminate\Database\Eloquent\Builder.php(206): Illuminate\Database\Eloquent\Builder->get(Array)
#9 F:\webserver\htdocs\project\barcode_scan\barcodescanner\Modules\Page\Repositories\Eloquent\EloquentPageRepository.php(18): Illuminate\Database\Eloquent\Builder->first()
#10 F:\webserver\htdocs\project\barcode_scan\barcodescanner\Modules\Page\Http\Controllers\PublicController.php(45): Modules\Page\Repositories\Eloquent\EloquentPageRepository->findHomepage()
#11 [internal function]: Modules\Page\Http\Controllers\PublicController->homepage()
#12 F:\webserver\htdocs\project\barcode_scan\barcodescanner\bootstrap\cache\compiled.php(8922): call_user_func_array(Array, Array)
#13 F:\webserver\htdocs\project\barcode_scan\barcodescanner\bootstrap\cache\compiled.php(8991): Illuminate\Routing\Controller->callAction('homepage', Array)
#14 F:\webserver\htdocs\project\barcode_scan\barcodescanner\bootstrap\cache\compiled.php(8971): Illuminate\Routing\ControllerDispatcher->call(Object(Modules\Page\Http\Controllers\PublicController), Object(Illuminate\Routing\Route), 'homepage')
#15 [internal function]: Illuminate\Routing\ControllerDispatcher->Illuminate\Routing\{closure}(Object(Illuminate\Http\Request))
#16 F:\webserver\htdocs\project\barcode_scan\barcodescanner\bootstrap\cache\compiled.php(9642): call_user_func(Object(Closure), Object(Illuminate\Http\Request))
#17 [internal function]: Illuminate\Pipeline\Pipeline->Illuminate\Pipeline\{closure}(Object(Illuminate\Http\Request))
#18 F:\webserver\htdocs\project\barcode_scan\barcodescanner\bootstrap\cache\compiled.php(9624): call_user_func(Object(Closure), Object(Illuminate\Http\Request))
#19 F:\webserver\htdocs\project\barcode_scan\barcodescanner\bootstrap\cache\compiled.php(8972): Illuminate\Pipeline\Pipeline->then(Object(Closure))
#20 F:\webserver\htdocs\project\barcode_scan\barcodescanner\bootstrap\cache\compiled.php(8957): Illuminate\Routing\ControllerDispatcher->callWithinStack(Object(Modules\Page\Http\Controllers\PublicController), Object(Illuminate\Routing\Route), Object(Illuminate\Http\Request), 'homepage')
#21 F:\webserver\htdocs\project\barcode_scan\barcodescanner\bootstrap\cache\compiled.php(7906): Illuminate\Routing\ControllerDispatcher->dispatch(Object(Illuminate\Routing\Route), Object(Illuminate\Http\Request), 'Modules\\Page\\Ht...', 'homepage')
#22 F:\webserver\htdocs\project\barcode_scan\barcodescanner\bootstrap\cache\compiled.php(7877): Illuminate\Routing\Route->runWithCustomDispatcher(Object(Illuminate\Http\Request))
#23 F:\webserver\htdocs\project\barcode_scan\barcodescanner\bootstrap\cache\compiled.php(7530): Illuminate\Routing\Route->run(Object(Illuminate\Http\Request))
#24 [internal function]: Illuminate\Routing\Router->Illuminate\Routing\{closure}(Object(Illuminate\Http\Request))
#25 F:\webserver\htdocs\project\barcode_scan\barcodescanner\bootstrap\cache\compiled.php(9642): call_user_func(Object(Closure), Object(Illuminate\Http\Request))
#26 F:\webserver\htdocs\project\barcode_scan\barcodescanner\vendor\mcamara\laravel-localization\src\Mcamara\LaravelLocalization\Middleware\LaravelLocalizationRedirectFilter.php(53): Illuminate\Pipeline\Pipeline->Illuminate\Pipeline\{closure}(Object(Illuminate\Http\Request))
#27 [internal function]: Mcamara\LaravelLocalization\Middleware\LaravelLocalizationRedirectFilter->handle(Object(Illuminate\Http\Request), Object(Closure))
#28 F:\webserver\htdocs\project\barcode_scan\barcodescanner\bootstrap\cache\compiled.php(9634): call_user_func_array(Array, Array)
#29 [internal function]: Illuminate\Pipeline\Pipeline->Illuminate\Pipeline\{closure}(Object(Illuminate\Http\Request))
#30 F:\webserver\htdocs\project\barcode_scan\barcodescanner\bootstrap\cache\compiled.php(9624): call_user_func(Object(Closure), Object(Illuminate\Http\Request))
#31 F:\webserver\htdocs\project\barcode_scan\barcodescanner\bootstrap\cache\compiled.php(7531): Illuminate\Pipeline\Pipeline->then(Object(Closure))
#32 F:\webserver\htdocs\project\barcode_scan\barcodescanner\bootstrap\cache\compiled.php(7519): Illuminate\Routing\Router->runRouteWithinStack(Object(Illuminate\Routing\Route), Object(Illuminate\Http\Request))
#33 F:\webserver\htdocs\project\barcode_scan\barcodescanner\bootstrap\cache\compiled.php(7504): Illuminate\Routing\Router->dispatchToRoute(Object(Illuminate\Http\Request))
#34 F:\webserver\htdocs\project\barcode_scan\barcodescanner\bootstrap\cache\compiled.php(2310): Illuminate\Routing\Router->dispatch(Object(Illuminate\Http\Request))
#35 [internal function]: Illuminate\Foundation\Http\Kernel->Illuminate\Foundation\Http\{closure}(Object(Illuminate\Http\Request))
#36 F:\webserver\htdocs\project\barcode_scan\barcodescanner\bootstrap\cache\compiled.php(9642): call_user_func(Object(Closure), Object(Illuminate\Http\Request))
#37 F:\webserver\htdocs\project\barcode_scan\barcodescanner\vendor\barryvdh\laravel-debugbar\src\Middleware\Debugbar.php(49): Illuminate\Pipeline\Pipeline->Illuminate\Pipeline\{closure}(Object(Illuminate\Http\Request))
#38 [internal function]: Barryvdh\Debugbar\Middleware\Debugbar->handle(Object(Illuminate\Http\Request), Object(Closure))
#39 F:\webserver\htdocs\project\barcode_scan\barcodescanner\bootstrap\cache\compiled.php(9634): call_user_func_array(Array, Array)
#40 F:\webserver\htdocs\project\barcode_scan\barcodescanner\bootstrap\cache\compiled.php(2925): Illuminate\Pipeline\Pipeline->Illuminate\Pipeline\{closure}(Object(Illuminate\Http\Request))
#41 F:\webserver\htdocs\project\barcode_scan\barcodescanner\app\Http\Middleware\VerifyCsrfToken.php(17): Illuminate\Foundation\Http\Middleware\VerifyCsrfToken->handle(Object(Illuminate\Http\Request), Object(Closure))
#42 [internal function]: App\Http\Middleware\VerifyCsrfToken->handle(Object(Illuminate\Http\Request), Object(Closure))
#43 F:\webserver\htdocs\project\barcode_scan\barcodescanner\bootstrap\cache\compiled.php(9634): call_user_func_array(Array, Array)
#44 F:\webserver\htdocs\project\barcode_scan\barcodescanner\vendor\maatwebsite\laravel-sidebar\src\Middleware\ResolveSidebars.php(35): Illuminate\Pipeline\Pipeline->Illuminate\Pipeline\{closure}(Object(Illuminate\Http\Request))
#45 [internal function]: Maatwebsite\Sidebar\Middleware\ResolveSidebars->handle(Object(Illuminate\Http\Request), Object(Closure))
#46 F:\webserver\htdocs\project\barcode_scan\barcodescanner\bootstrap\cache\compiled.php(9634): call_user_func_array(Array, Array)
#47 F:\webserver\htdocs\project\barcode_scan\barcodescanner\bootstrap\cache\compiled.php(12993): Illuminate\Pipeline\Pipeline->Illuminate\Pipeline\{closure}(Object(Illuminate\Http\Request))
#48 [internal function]: Illuminate\View\Middleware\ShareErrorsFromSession->handle(Object(Illuminate\Http\Request), Object(Closure))
#49 F:\webserver\htdocs\project\barcode_scan\barcodescanner\bootstrap\cache\compiled.php(9634): call_user_func_array(Array, Array)
#50 F:\webserver\htdocs\project\barcode_scan\barcodescanner\bootstrap\cache\compiled.php(11585): Illuminate\Pipeline\Pipeline->Illuminate\Pipeline\{closure}(Object(Illuminate\Http\Request))
#51 [internal function]: Illuminate\Session\Middleware\StartSession->handle(Object(Illuminate\Http\Request), Object(Closure))
#52 F:\webserver\htdocs\project\barcode_scan\barcodescanner\bootstrap\cache\compiled.php(9634): call_user_func_array(Array, Array)
#53 F:\webserver\htdocs\project\barcode_scan\barcodescanner\bootstrap\cache\compiled.php(12730): Illuminate\Pipeline\Pipeline->Illuminate\Pipeline\{closure}(Object(Illuminate\Http\Request))
#54 [internal function]: Illuminate\Cookie\Middleware\AddQueuedCookiesToResponse->handle(Object(Illuminate\Http\Request), Object(Closure))
#55 F:\webserver\htdocs\project\barcode_scan\barcodescanner\bootstrap\cache\compiled.php(9634): call_user_func_array(Array, Array)
#56 F:\webserver\htdocs\project\barcode_scan\barcodescanner\bootstrap\cache\compiled.php(12667): Illuminate\Pipeline\Pipeline->Illuminate\Pipeline\{closure}(Object(Illuminate\Http\Request))
#57 [internal function]: Illuminate\Cookie\Middleware\EncryptCookies->handle(Object(Illuminate\Http\Request), Object(Closure))
#58 F:\webserver\htdocs\project\barcode_scan\barcodescanner\bootstrap\cache\compiled.php(9634): call_user_func_array(Array, Array)
#59 F:\webserver\htdocs\project\barcode_scan\barcodescanner\bootstrap\cache\compiled.php(2982): Illuminate\Pipeline\Pipeline->Illuminate\Pipeline\{closure}(Object(Illuminate\Http\Request))
#60 [internal function]: Illuminate\Foundation\Http\Middleware\CheckForMaintenanceMode->handle(Object(Illuminate\Http\Request), Object(Closure))
#61 F:\webserver\htdocs\project\barcode_scan\barcodescanner\bootstrap\cache\compiled.php(9634): call_user_func_array(Array, Array)
#62 [internal function]: Illuminate\Pipeline\Pipeline->Illuminate\Pipeline\{closure}(Object(Illuminate\Http\Request))
#63 F:\webserver\htdocs\project\barcode_scan\barcodescanner\bootstrap\cache\compiled.php(9624): call_user_func(Object(Closure), Object(Illuminate\Http\Request))
#64 F:\webserver\htdocs\project\barcode_scan\barcodescanner\bootstrap\cache\compiled.php(2257): Illuminate\Pipeline\Pipeline->then(Object(Closure))
#65 F:\webserver\htdocs\project\barcode_scan\barcodescanner\bootstrap\cache\compiled.php(2240): Illuminate\Foundation\Http\Kernel->sendRequestThroughRouter(Object(Illuminate\Http\Request))
#66 F:\webserver\htdocs\project\barcode_scan\barcodescanner\public\index.php(53): Illuminate\Foundation\Http\Kernel->handle(Object(Illuminate\Http\Request))
#67 {main}

Next exception 'Illuminate\Database\QueryException' with message 'SQLSTATE[42S02]: Base table or view not found: 1146 Table 'barcodescanner.page__pages' doesn't exist (SQL: select * from `page__pages` where `is_home` = 1 limit 1)' in F:\webserver\htdocs\project\barcode_scan\barcodescanner\vendor\laravel\framework\src\Illuminate\Database\Connection.php:662
Stack trace:
#0 F:\webserver\htdocs\project\barcode_scan\barcodescanner\vendor\laravel\framework\src\Illuminate\Database\Connection.php(618): Illuminate\Database\Connection->runQueryCallback('select * from `...', Array, Object(Closure))
#1 F:\webserver\htdocs\project\barcode_scan\barcodescanner\vendor\laravel\framework\src\Illuminate\Database\Connection.php(324): Illuminate\Database\Connection->run('select * from `...', Array, Object(Closure))
#2 F:\webserver\htdocs\project\barcode_scan\barcodescanner\vendor\laravel\framework\src\Illuminate\Database\Query\Builder.php(1431): Illuminate\Database\Connection->select('select * from `...', Array, true)
#3 F:\webserver\htdocs\project\barcode_scan\barcodescanner\vendor\laravel\framework\src\Illuminate\Database\Query\Builder.php(1408): Illuminate\Database\Query\Builder->runSelect()
#4 F:\webserver\htdocs\project\barcode_scan\barcodescanner\vendor\laravel\framework\src\Illuminate\Database\Eloquent\Builder.php(477): Illuminate\Database\Query\Builder->get(Array)
#5 F:\webserver\htdocs\project\barcode_scan\barcodescanner\vendor\laravel\framework\src\Illuminate\Database\Eloquent\Builder.php(234): Illuminate\Database\Eloquent\Builder->getModels(Array)
#6 F:\webserver\htdocs\project\barcode_scan\barcodescanner\vendor\laravel\framework\src\Illuminate\Database\Eloquent\Builder.php(206): Illuminate\Database\Eloquent\Builder->get(Array)
#7 F:\webserver\htdocs\project\barcode_scan\barcodescanner\Modules\Page\Repositories\Eloquent\EloquentPageRepository.php(18): Illuminate\Database\Eloquent\Builder->first()
#8 F:\webserver\htdocs\project\barcode_scan\barcodescanner\Modules\Page\Http\Controllers\PublicController.php(45): Modules\Page\Repositories\Eloquent\EloquentPageRepository->findHomepage()
#9 [internal function]: Modules\Page\Http\Controllers\PublicController->homepage()
#10 F:\webserver\htdocs\project\barcode_scan\barcodescanner\bootstrap\cache\compiled.php(8922): call_user_func_array(Array, Array)
#11 F:\webserver\htdocs\project\barcode_scan\barcodescanner\bootstrap\cache\compiled.php(8991): Illuminate\Routing\Controller->callAction('homepage', Array)
#12 F:\webserver\htdocs\project\barcode_scan\barcodescanner\bootstrap\cache\compiled.php(8971): Illuminate\Routing\ControllerDispatcher->call(Object(Modules\Page\Http\Controllers\PublicController), Object(Illuminate\Routing\Route), 'homepage')
#13 [internal function]: Illuminate\Routing\ControllerDispatcher->Illuminate\Routing\{closure}(Object(Illuminate\Http\Request))
#14 F:\webserver\htdocs\project\barcode_scan\barcodescanner\bootstrap\cache\compiled.php(9642): call_user_func(Object(Closure), Object(Illuminate\Http\Request))
#15 [internal function]: Illuminate\Pipeline\Pipeline->Illuminate\Pipeline\{closure}(Object(Illuminate\Http\Request))
#16 F:\webserver\htdocs\project\barcode_scan\barcodescanner\bootstrap\cache\compiled.php(9624): call_user_func(Object(Closure), Object(Illuminate\Http\Request))
#17 F:\webserver\htdocs\project\barcode_scan\barcodescanner\bootstrap\cache\compiled.php(8972): Illuminate\Pipeline\Pipeline->then(Object(Closure))
#18 F:\webserver\htdocs\project\barcode_scan\barcodescanner\bootstrap\cache\compiled.php(8957): Illuminate\Routing\ControllerDispatcher->callWithinStack(Object(Modules\Page\Http\Controllers\PublicController), Object(Illuminate\Routing\Route), Object(Illuminate\Http\Request), 'homepage')
#19 F:\webserver\htdocs\project\barcode_scan\barcodescanner\bootstrap\cache\compiled.php(7906): Illuminate\Routing\ControllerDispatcher->dispatch(Object(Illuminate\Routing\Route), Object(Illuminate\Http\Request), 'Modules\\Page\\Ht...', 'homepage')
#20 F:\webserver\htdocs\project\barcode_scan\barcodescanner\bootstrap\cache\compiled.php(7877): Illuminate\Routing\Route->runWithCustomDispatcher(Object(Illuminate\Http\Request))
#21 F:\webserver\htdocs\project\barcode_scan\barcodescanner\bootstrap\cache\compiled.php(7530): Illuminate\Routing\Route->run(Object(Illuminate\Http\Request))
#22 [internal function]: Illuminate\Routing\Router->Illuminate\Routing\{closure}(Object(Illuminate\Http\Request))
#23 F:\webserver\htdocs\project\barcode_scan\barcodescanner\bootstrap\cache\compiled.php(9642): call_user_func(Object(Closure), Object(Illuminate\Http\Request))
#24 F:\webserver\htdocs\project\barcode_scan\barcodescanner\vendor\mcamara\laravel-localization\src\Mcamara\LaravelLocalization\Middleware\LaravelLocalizationRedirectFilter.php(53): Illuminate\Pipeline\Pipeline->Illuminate\Pipeline\{closure}(Object(Illuminate\Http\Request))
#25 [internal function]: Mcamara\LaravelLocalization\Middleware\LaravelLocalizationRedirectFilter->handle(Object(Illuminate\Http\Request), Object(Closure))
#26 F:\webserver\htdocs\project\barcode_scan\barcodescanner\bootstrap\cache\compiled.php(9634): call_user_func_array(Array, Array)
#27 [internal function]: Illuminate\Pipeline\Pipeline->Illuminate\Pipeline\{closure}(Object(Illuminate\Http\Request))
#28 F:\webserver\htdocs\project\barcode_scan\barcodescanner\bootstrap\cache\compiled.php(9624): call_user_func(Object(Closure), Object(Illuminate\Http\Request))
#29 F:\webserver\htdocs\project\barcode_scan\barcodescanner\bootstrap\cache\compiled.php(7531): Illuminate\Pipeline\Pipeline->then(Object(Closure))
#30 F:\webserver\htdocs\project\barcode_scan\barcodescanner\bootstrap\cache\compiled.php(7519): Illuminate\Routing\Router->runRouteWithinStack(Object(Illuminate\Routing\Route), Object(Illuminate\Http\Request))
#31 F:\webserver\htdocs\project\barcode_scan\barcodescanner\bootstrap\cache\compiled.php(7504): Illuminate\Routing\Router->dispatchToRoute(Object(Illuminate\Http\Request))
#32 F:\webserver\htdocs\project\barcode_scan\barcodescanner\bootstrap\cache\compiled.php(2310): Illuminate\Routing\Router->dispatch(Object(Illuminate\Http\Request))
#33 [internal function]: Illuminate\Foundation\Http\Kernel->Illuminate\Foundation\Http\{closure}(Object(Illuminate\Http\Request))
#34 F:\webserver\htdocs\project\barcode_scan\barcodescanner\bootstrap\cache\compiled.php(9642): call_user_func(Object(Closure), Object(Illuminate\Http\Request))
#35 F:\webserver\htdocs\project\barcode_scan\barcodescanner\vendor\barryvdh\laravel-debugbar\src\Middleware\Debugbar.php(49): Illuminate\Pipeline\Pipeline->Illuminate\Pipeline\{closure}(Object(Illuminate\Http\Request))
#36 [internal function]: Barryvdh\Debugbar\Middleware\Debugbar->handle(Object(Illuminate\Http\Request), Object(Closure))
#37 F:\webserver\htdocs\project\barcode_scan\barcodescanner\bootstrap\cache\compiled.php(9634): call_user_func_array(Array, Array)
#38 F:\webserver\htdocs\project\barcode_scan\barcodescanner\bootstrap\cache\compiled.php(2925): Illuminate\Pipeline\Pipeline->Illuminate\Pipeline\{closure}(Object(Illuminate\Http\Request))
#39 F:\webserver\htdocs\project\barcode_scan\barcodescanner\app\Http\Middleware\VerifyCsrfToken.php(17): Illuminate\Foundation\Http\Middleware\VerifyCsrfToken->handle(Object(Illuminate\Http\Request), Object(Closure))
#40 [internal function]: App\Http\Middleware\VerifyCsrfToken->handle(Object(Illuminate\Http\Request), Object(Closure))
#41 F:\webserver\htdocs\project\barcode_scan\barcodescanner\bootstrap\cache\compiled.php(9634): call_user_func_array(Array, Array)
#42 F:\webserver\htdocs\project\barcode_scan\barcodescanner\vendor\maatwebsite\laravel-sidebar\src\Middleware\ResolveSidebars.php(35): Illuminate\Pipeline\Pipeline->Illuminate\Pipeline\{closure}(Object(Illuminate\Http\Request))
#43 [internal function]: Maatwebsite\Sidebar\Middleware\ResolveSidebars->handle(Object(Illuminate\Http\Request), Object(Closure))
#44 F:\webserver\htdocs\project\barcode_scan\barcodescanner\bootstrap\cache\compiled.php(9634): call_user_func_array(Array, Array)
#45 F:\webserver\htdocs\project\barcode_scan\barcodescanner\bootstrap\cache\compiled.php(12993): Illuminate\Pipeline\Pipeline->Illuminate\Pipeline\{closure}(Object(Illuminate\Http\Request))
#46 [internal function]: Illuminate\View\Middleware\ShareErrorsFromSession->handle(Object(Illuminate\Http\Request), Object(Closure))
#47 F:\webserver\htdocs\project\barcode_scan\barcodescanner\bootstrap\cache\compiled.php(9634): call_user_func_array(Array, Array)
#48 F:\webserver\htdocs\project\barcode_scan\barcodescanner\bootstrap\cache\compiled.php(11585): Illuminate\Pipeline\Pipeline->Illuminate\Pipeline\{closure}(Object(Illuminate\Http\Request))
#49 [internal function]: Illuminate\Session\Middleware\StartSession->handle(Object(Illuminate\Http\Request), Object(Closure))
#50 F:\webserver\htdocs\project\barcode_scan\barcodescanner\bootstrap\cache\compiled.php(9634): call_user_func_array(Array, Array)
#51 F:\webserver\htdocs\project\barcode_scan\barcodescanner\bootstrap\cache\compiled.php(12730): Illuminate\Pipeline\Pipeline->Illuminate\Pipeline\{closure}(Object(Illuminate\Http\Request))
#52 [internal function]: Illuminate\Cookie\Middleware\AddQueuedCookiesToResponse->handle(Object(Illuminate\Http\Request), Object(Closure))
#53 F:\webserver\htdocs\project\barcode_scan\barcodescanner\bootstrap\cache\compiled.php(9634): call_user_func_array(Array, Array)
#54 F:\webserver\htdocs\project\barcode_scan\barcodescanner\bootstrap\cache\compiled.php(12667): Illuminate\Pipeline\Pipeline->Illuminate\Pipeline\{closure}(Object(Illuminate\Http\Request))
#55 [internal function]: Illuminate\Cookie\Middleware\EncryptCookies->handle(Object(Illuminate\Http\Request), Object(Closure))
#56 F:\webserver\htdocs\project\barcode_scan\barcodescanner\bootstrap\cache\compiled.php(9634): call_user_func_array(Array, Array)
#57 F:\webserver\htdocs\project\barcode_scan\barcodescanner\bootstrap\cache\compiled.php(2982): Illuminate\Pipeline\Pipeline->Illuminate\Pipeline\{closure}(Object(Illuminate\Http\Request))
#58 [internal function]: Illuminate\Foundation\Http\Middleware\CheckForMaintenanceMode->handle(Object(Illuminate\Http\Request), Object(Closure))
#59 F:\webserver\htdocs\project\barcode_scan\barcodescanner\bootstrap\cache\compiled.php(9634): call_user_func_array(Array, Array)
#60 [internal function]: Illuminate\Pipeline\Pipeline->Illuminate\Pipeline\{closure}(Object(Illuminate\Http\Request))
#61 F:\webserver\htdocs\project\barcode_scan\barcodescanner\bootstrap\cache\compiled.php(9624): call_user_func(Object(Closure), Object(Illuminate\Http\Request))
#62 F:\webserver\htdocs\project\barcode_scan\barcodescanner\bootstrap\cache\compiled.php(2257): Illuminate\Pipeline\Pipeline->then(Object(Closure))
#63 F:\webserver\htdocs\project\barcode_scan\barcodescanner\bootstrap\cache\compiled.php(2240): Illuminate\Foundation\Http\Kernel->sendRequestThroughRouter(Object(Illuminate\Http\Request))
#64 F:\webserver\htdocs\project\barcode_scan\barcodescanner\public\index.php(53): Illuminate\Foundation\Http\Kernel->handle(Object(Illuminate\Http\Request))
#65 {main}  
